<?xml version="1.0" encoding="UTF-8"?>
<!-- Generated by org.testng.reporters.JUnitReportReporter -->
<testsuite hostname="LAP02067s-MacBook-Pro.local" failures="0" tests="1" name="webdriver.BTVN_RegisterForm" time="13.931" errors="0" timestamp="2024-07-12T22:52:37 ICT" skipped="0">
  <testcase classname="webdriver.BTVN_RegisterForm" name="TC_01" time="13.931"/>
</testsuite> <!-- webdriver.BTVN_RegisterForm -->
