<?xml version="1.0" encoding="UTF-8"?>
<!-- Generated by org.testng.reporters.JUnitReportReporter -->
<testsuite hostname="LAP02067s-MacBook-Pro.local" failures="0" tests="1" name="BTVN_02_DragAndDrop" time="12.415" errors="0" timestamp="2024-07-14T09:17:34 ICT" skipped="0">
  <testcase classname="BTVN_02_DragAndDrop" name="Drag_n_Drop" time="12.415"/>
</testsuite> <!-- BTVN_02_DragAndDrop -->
