<?xml version="1.0" encoding="UTF-8"?>
<!-- Generated by org.testng.reporters.JUnitReportReporter -->
<testsuite hostname="LAP02067s-MacBook-Pro.local" failures="0" tests="1" name="src.test.java.webdriver.Topic_04_selenium_api" time="40.967" errors="0" timestamp="2024-07-07T10:36:24 ICT" skipped="0">
  <testcase classname="src.test.java.webdriver.Topic_04_selenium_api" name="TC_01_url" time="40.967"/>
</testsuite> <!-- webdriver.Topic_04_selenium_api -->
