<?xml version="1.0" encoding="UTF-8"?>
<!-- Generated by org.testng.reporters.JUnitReportReporter -->
<testsuite hostname="LAP02067s-MacBook-Pro.local" failures="0" tests="1" name="webdriver.topic_01_checkenv" time="0.017" errors="0" timestamp="2024-07-07T09:42:54 ICT" skipped="0">
  <testcase classname="webdriver.topic_01_checkenv" name="TC_01_ValidateCurrentUrl" time="0.017"/>
</testsuite> <!-- webdriver.topic_01_checkenv -->
